# JRE version: OpenJDK Runtime Environment (10.0.2+13) (build 10.0.2+13-Ubuntu-1ubuntu0.18.04.4)
# Java VM: OpenJDK 64-Bit Server VM (10.0.2+13-Ubuntu-1ubuntu0.18.04.4, mixed mode, tiered, compressed oops, g1 gc, linux-amd64)
Heap:
 garbage-first heap   total 491520K, used 1534K [0x00000000c4c00000, 0x0000000100000000)
  region size 1024K, 1 young (1024K), 1 survivors (1024K)
 Metaspace       used 7776K, capacity 7925K, committed 8192K, reserved 1056768K
  class space    used 649K, capacity 682K, committed 768K, reserved 1048576K
GC Heap History (10 events):
Event: 153,101 GC heap after
{Heap after GC invocations=1257 (full 0):
 garbage-first heap   total 349184K, used 1534K [0x00000000c4c00000, 0x0000000100000000)
  region size 1024K, 1 young (1024K), 1 survivors (1024K)
 Metaspace       used 7776K, capacity 7925K, committed 8192K, reserved 1056768K
  class space    used 649K, capacity 682K, committed 768K, reserved 1048576K
}
Event: 153,108 GC heap before
{Heap before GC invocations=1257 (full 0):
 garbage-first heap   total 349184K, used 17918K [0x00000000c4c00000, 0x0000000100000000)
  region size 1024K, 17 young (17408K), 1 survivors (1024K)
 Metaspace       used 7776K, capacity 7925K, committed 8192K, reserved 1056768K
  class space    used 649K, capacity 682K, committed 768K, reserved 1048576K
}
Event: 153,108 GC heap after
{Heap after GC invocations=1258 (full 0):
 garbage-first heap   total 349184K, used 1532K [0x00000000c4c00000, 0x0000000100000000)
  region size 1024K, 1 young (1024K), 1 survivors (1024K)
 Metaspace       used 7776K, capacity 7925K, committed 8192K, reserved 1056768K
  class space    used 649K, capacity 682K, committed 768K, reserved 1048576K
}
Event: 153,115 GC heap before
{Heap before GC invocations=1258 (full 0):
 garbage-first heap   total 349184K, used 17916K [0x00000000c4c00000, 0x0000000100000000)
  region size 1024K, 17 young (17408K), 1 survivors (1024K)
 Metaspace       used 7776K, capacity 7925K, committed 8192K, reserved 1056768K
  class space    used 649K, capacity 682K, committed 768K, reserved 1048576K
}
Event: 153,116 GC heap after
{Heap after GC invocations=1259 (full 0):
 garbage-first heap   total 349184K, used 1530K [0x00000000c4c00000, 0x0000000100000000)
  region size 1024K, 1 young (1024K), 1 survivors (1024K)
 Metaspace       used 7776K, capacity 7925K, committed 8192K, reserved 1056768K
  class space    used 649K, capacity 682K, committed 768K, reserved 1048576K
}
Event: 153,122 GC heap before
{Heap before GC invocations=1259 (full 0):
 garbage-first heap   total 349184K, used 17914K [0x00000000c4c00000, 0x0000000100000000)
  region size 1024K, 17 young (17408K), 1 survivors (1024K)
 Metaspace       used 7776K, capacity 7925K, committed 8192K, reserved 1056768K
  class space    used 649K, capacity 682K, committed 768K, reserved 1048576K
}
Event: 153,123 GC heap after
{Heap after GC invocations=1260 (full 0):
 garbage-first heap   total 349184K, used 1534K [0x00000000c4c00000, 0x0000000100000000)
  region size 1024K, 1 young (1024K), 1 survivors (1024K)
 Metaspace       used 7776K, capacity 7925K, committed 8192K, reserved 1056768K
  class space    used 649K, capacity 682K, committed 768K, reserved 1048576K
}
Event: 153,130 GC heap before
{Heap before GC invocations=1260 (full 0):
 garbage-first heap   total 349184K, used 17918K [0x00000000c4c00000, 0x0000000100000000)
  region size 1024K, 17 young (17408K), 1 survivors (1024K)
 Metaspace       used 7776K, capacity 7925K, committed 8192K, reserved 1056768K
  class space    used 649K, capacity 682K, committed 768K, reserved 1048576K
}
Event: 153,130 GC heap after
{Heap after GC invocations=1261 (full 0):
 garbage-first heap   total 349184K, used 1534K [0x00000000c4c00000, 0x0000000100000000)
  region size 1024K, 1 young (1024K), 1 survivors (1024K)
 Metaspace       used 7776K, capacity 7925K, committed 8192K, reserved 1056768K
  class space    used 649K, capacity 682K, committed 768K, reserved 1048576K
}
Event: 153,137 GC heap before
{Heap before GC invocations=1261 (full 0):
 garbage-first heap   total 349184K, used 17918K [0x00000000c4c00000, 0x0000000100000000)
  region size 1024K, 17 young (17408K), 1 survivors (1024K)
 Metaspace       used 7776K, capacity 7925K, committed 8192K, reserved 1056768K
  class space    used 649K, capacity 682K, committed 768K, reserved 1048576K
}

